<?xml version="1.0" encoding="UTF-8"?>
<testng-results skipped="0" failed="0" ignored="0" total="1" passed="1">
  <reporter-output>
    <line>
      <![CDATA[WebElement is present]]>
    </line>
  </reporter-output>
  <suite name="Default suite" duration-ms="151786" started-at="2018-08-19T05:47:11Z" finished-at="2018-08-19T05:49:43Z">
    <groups>
    </groups>
    <test name="Default test" duration-ms="151786" started-at="2018-08-19T05:47:11Z" finished-at="2018-08-19T05:49:43Z">
      <class name="actiTimeTest.TestHome">
        <test-method status="PASS" signature="launchBrowser()[pri:0, instance:actiTimeTest.TestHome@77caeb3e]" name="launchBrowser" is-config="true" duration-ms="39623" started-at="2018-08-19T05:47:11Z" finished-at="2018-08-19T05:47:51Z">
          <reporter-output>
          </reporter-output>
        </test-method> <!-- launchBrowser -->
        <test-method status="PASS" signature="testLogout()[pri:0, instance:actiTimeTest.TestHome@77caeb3e]" name="testLogout" duration-ms="110231" started-at="2018-08-19T05:47:51Z" finished-at="2018-08-19T05:49:41Z">
          <reporter-output>
            <line>
              <![CDATA[WebElement is present]]>
            </line>
          </reporter-output>
        </test-method> <!-- testLogout -->
        <test-method status="PASS" signature="closeBrowser()[pri:0, instance:actiTimeTest.TestHome@77caeb3e]" name="closeBrowser" is-config="true" duration-ms="1761" started-at="2018-08-19T05:49:41Z" finished-at="2018-08-19T05:49:43Z">
          <reporter-output>
          </reporter-output>
        </test-method> <!-- closeBrowser -->
      </class> <!-- actiTimeTest.TestHome -->
    </test> <!-- Default test -->
  </suite> <!-- Default suite -->
</testng-results>
